<?xml version="1.0" encoding="UTF-8"?>
<!-- Generated by org.testng.reporters.JUnitReportReporter -->
<testsuite name="amazonApp.mobileAppTest.Purchase" tests="2" time="31.157" ignored="0" failures="0" timestamp="28 Feb 2020 12:03:42 GMT" skipped="0" hostname="Gulan-VAIO" errors="1">
  <testcase name="buyProduct" time="2.646" classname="amazonApp.mobileAppTest.Purchase">
    <error type="org.openqa.selenium.WebDriverException" message="An unknown server-side error occurred while processing the command. Original error: Could not proxy command to remote server. Original error: Error: socket hang up (WARNING: The server did not provide any stacktrace information)
Command duration or timeout: 1.74 seconds
Build info: version: &#039;3.0.1&#039;, revision: &#039;1969d75&#039;, time: &#039;2016-10-18 09:49:13 -0700&#039;
System info: host: &#039;Gulan-VAIO&#039;, ip: &#039;192.168.1.3&#039;, os.name: &#039;Windows 10&#039;, os.arch: &#039;amd64&#039;, os.version: &#039;10.0&#039;, java.version: &#039;1.8.0_241&#039;
Driver info: io.appium.java_client.android.AndroidDriver
Capabilities [{appPackage=com.amazon.mShop.android.shopping, deviceScreenSize=1080x2340, networkConnectionEnabled=true, statBarHeight=96, noReset=true, warnings={}, viewportRect={top=96, left=0, width=1080, height=2114}, databaseEnabled=false, deviceName=5cc5e8c2, platform=LINUX, deviceUDID=5cc5e8c2, appActivity=com.amazon.mShop.home.HomeActivity, desired={appPackage=com.amazon.mShop.android.shopping, appActivity=com.amazon.mShop.home.HomeActivity, noReset=true, platformName=Android, deviceName=5cc5e8c2}, platformVersion=10, pixelRatio=2.75, webStorageEnabled=false, locationContextEnabled=false, takesScreenshot=true, javascriptEnabled=true, deviceScreenDensity=440, deviceModel=Redmi K20 Pro, platformName=Android, deviceApiLevel=29, deviceManufacturer=Xiaomi}]
Session ID: da71687b-6d4f-4109-8caa-916398feef75">
      <![CDATA[org.openqa.selenium.WebDriverException: An unknown server-side error occurred while processing the command. Original error: Could not proxy command to remote server. Original error: Error: socket hang up (WARNING: The server did not provide any stacktrace information)
Command duration or timeout: 1.74 seconds
Build info: version: '3.0.1', revision: '1969d75', time: '2016-10-18 09:49:13 -0700'
System info: host: 'Gulan-VAIO', ip: '192.168.1.3', os.name: 'Windows 10', os.arch: 'amd64', os.version: '10.0', java.version: '1.8.0_241'
Driver info: io.appium.java_client.android.AndroidDriver
Capabilities [{appPackage=com.amazon.mShop.android.shopping, deviceScreenSize=1080x2340, networkConnectionEnabled=true, statBarHeight=96, noReset=true, warnings={}, viewportRect={top=96, left=0, width=1080, height=2114}, databaseEnabled=false, deviceName=5cc5e8c2, platform=LINUX, deviceUDID=5cc5e8c2, appActivity=com.amazon.mShop.home.HomeActivity, desired={appPackage=com.amazon.mShop.android.shopping, appActivity=com.amazon.mShop.home.HomeActivity, noReset=true, platformName=Android, deviceName=5cc5e8c2}, platformVersion=10, pixelRatio=2.75, webStorageEnabled=false, locationContextEnabled=false, takesScreenshot=true, javascriptEnabled=true, deviceScreenDensity=440, deviceModel=Redmi K20 Pro, platformName=Android, deviceApiLevel=29, deviceManufacturer=Xiaomi}]
Session ID: da71687b-6d4f-4109-8caa-916398feef75
	at sun.reflect.NativeConstructorAccessorImpl.newInstance0(Native Method)
	at sun.reflect.NativeConstructorAccessorImpl.newInstance(Unknown Source)
	at sun.reflect.DelegatingConstructorAccessorImpl.newInstance(Unknown Source)
	at java.lang.reflect.Constructor.newInstance(Unknown Source)
	at org.openqa.selenium.remote.ErrorHandler.createThrowable(ErrorHandler.java:216)
	at org.openqa.selenium.remote.ErrorHandler.throwIfResponseFailed(ErrorHandler.java:168)
	at org.openqa.selenium.remote.RemoteWebDriver.execute(RemoteWebDriver.java:635)
	at io.appium.java_client.DefaultGenericMobileDriver.execute(DefaultGenericMobileDriver.java:43)
	at io.appium.java_client.AppiumDriver.execute(AppiumDriver.java:1)
	at io.appium.java_client.android.AndroidDriver.execute(AndroidDriver.java:1)
	at org.openqa.selenium.remote.RemoteWebElement.execute(RemoteWebElement.java:274)
	at io.appium.java_client.DefaultGenericMobileElement.execute(DefaultGenericMobileElement.java:37)
	at io.appium.java_client.MobileElement.execute(MobileElement.java:1)
	at io.appium.java_client.android.AndroidElement.execute(AndroidElement.java:1)
	at org.openqa.selenium.remote.RemoteWebElement.sendKeys(RemoteWebElement.java:98)
	at sun.reflect.NativeMethodAccessorImpl.invoke0(Native Method)
	at sun.reflect.NativeMethodAccessorImpl.invoke(Unknown Source)
	at sun.reflect.DelegatingMethodAccessorImpl.invoke(Unknown Source)
	at java.lang.reflect.Method.invoke(Unknown Source)
	at io.appium.java_client.pagefactory.ElementInterceptor.getObject(ElementInterceptor.java:39)
	at io.appium.java_client.pagefactory.interceptors.InterceptorOfASingleElement.intercept(InterceptorOfASingleElement.java:53)
	at io.appium.java_client.android.AndroidElement$$EnhancerByCGLIB$$c0b591f0.sendKeys(<generated>)
	at Base.BasePage.sendKeysToElement(BasePage.java:41)
	at Pages.HomePage.searchValidation(HomePage.java:52)
	at amazonApp.mobileAppTest.Purchase.buyProduct(Purchase.java:49)
	at sun.reflect.NativeMethodAccessorImpl.invoke0(Native Method)
	at sun.reflect.NativeMethodAccessorImpl.invoke(Unknown Source)
	at sun.reflect.DelegatingMethodAccessorImpl.invoke(Unknown Source)
	at java.lang.reflect.Method.invoke(Unknown Source)
	at org.testng.internal.MethodInvocationHelper.invokeMethod(MethodInvocationHelper.java:104)
	at org.testng.internal.Invoker.invokeMethod(Invoker.java:645)
	at org.testng.internal.Invoker.invokeTestMethod(Invoker.java:851)
	at org.testng.internal.Invoker.invokeTestMethods(Invoker.java:1177)
	at org.testng.internal.TestMethodWorker.invokeTestMethods(TestMethodWorker.java:129)
	at org.testng.internal.TestMethodWorker.run(TestMethodWorker.java:112)
	at org.testng.TestRunner.privateRun(TestRunner.java:756)
	at org.testng.TestRunner.run(TestRunner.java:610)
	at org.testng.SuiteRunner.runTest(SuiteRunner.java:387)
	at org.testng.SuiteRunner.runSequentially(SuiteRunner.java:382)
	at org.testng.SuiteRunner.privateRun(SuiteRunner.java:340)
	at org.testng.SuiteRunner.run(SuiteRunner.java:289)
	at org.testng.SuiteRunnerWorker.runSuite(SuiteRunnerWorker.java:52)
	at org.testng.SuiteRunnerWorker.run(SuiteRunnerWorker.java:86)
	at org.testng.TestNG.runSuitesSequentially(TestNG.java:1293)
	at org.testng.TestNG.runSuitesLocally(TestNG.java:1218)
	at org.testng.TestNG.runSuites(TestNG.java:1133)
	at org.testng.TestNG.run(TestNG.java:1104)
	at org.testng.remote.AbstractRemoteTestNG.run(AbstractRemoteTestNG.java:132)
	at org.testng.remote.RemoteTestNG.initAndRun(RemoteTestNG.java:236)
	at org.testng.remote.RemoteTestNG.main(RemoteTestNG.java:81)
]]>
    </error>
  </testcase> <!-- buyProduct -->
  <testcase name="changeCountrySettings" time="28.511" classname="amazonApp.mobileAppTest.Purchase"/>
</testsuite> <!-- amazonApp.mobileAppTest.Purchase -->
